# JRE version: OpenJDK Runtime Environment Temurin-17.0.8.1+1 (17.0.8.1+1) (build 17.0.8.1+1)
# Java VM: OpenJDK 64-Bit Server VM Temurin-17.0.8.1+1 (17.0.8.1+1, mixed mode, emulated-client, tiered, compressed oops, compressed class ptrs, g1 gc, windows-amd64)
GC Precious Log:
 CPUs: 4 total, 4 available
 Memory: 12030M
 Large Page Support: Disabled
 NUMA Support: Disabled
 Compressed Oops: Enabled (Zero based)
 Heap Region Size: 2M
 Heap Min Capacity: 8M
 Heap Initial Capacity: 188M
 Heap Max Capacity: 3008M
 Pre-touch: Disabled
 Parallel Workers: 4
 Concurrent Workers: 1
 Concurrent Refinement Workers: 4
 Periodic GC: Disabled
Heap:
 garbage-first heap   total 71680K, used 53978K [0x0000000744000000, 0x0000000800000000)
  region size 2048K, 12 young (24576K), 2 survivors (4096K)
 Metaspace       used 69719K, committed 70336K, reserved 1114112K
  class space    used 9427K, committed 9728K, reserved 1048576K
GC Heap History (20 events):
Event: 3.196 GC heap after
{Heap after GC invocations=15 (full 0):
 garbage-first heap   total 59392K, used 27754K [0x0000000744000000, 0x0000000800000000)
  region size 2048K, 1 young (2048K), 1 survivors (2048K)
 Metaspace       used 39679K, committed 40128K, reserved 1114112K
  class space    used 4965K, committed 5184K, reserved 1048576K
}
Event: 3.269 GC heap before
{Heap before GC invocations=15 (full 0):
 garbage-first heap   total 59392K, used 42090K [0x0000000744000000, 0x0000000800000000)
  region size 2048K, 8 young (16384K), 1 survivors (2048K)
 Metaspace       used 40103K, committed 40640K, reserved 1114112K
  class space    used 5029K, committed 5312K, reserved 1048576K
}
Event: 3.271 GC heap after
{Heap after GC invocations=16 (full 0):
 garbage-first heap   total 59392K, used 27481K [0x0000000744000000, 0x0000000800000000)
  region size 2048K, 1 young (2048K), 1 survivors (2048K)
 Metaspace       used 40103K, committed 40640K, reserved 1114112K
  class space    used 5029K, committed 5312K, reserved 1048576K
}
Event: 3.528 GC heap before
{Heap before GC invocations=17 (full 0):
 garbage-first heap   total 59392K, used 43865K [0x0000000744000000, 0x0000000800000000)
  region size 2048K, 9 young (18432K), 1 survivors (2048K)
 Metaspace       used 43236K, committed 43712K, reserved 1114112K
  class space    used 5462K, committed 5696K, reserved 1048576K
}
Event: 3.530 GC heap after
{Heap after GC invocations=18 (full 0):
 garbage-first heap   total 59392K, used 28315K [0x0000000744000000, 0x0000000800000000)
  region size 2048K, 1 young (2048K), 1 survivors (2048K)
 Metaspace       used 43236K, committed 43712K, reserved 1114112K
  class space    used 5462K, committed 5696K, reserved 1048576K
}
Event: 3.558 GC heap before
{Heap before GC invocations=18 (full 0):
 garbage-first heap   total 59392K, used 30363K [0x0000000744000000, 0x0000000800000000)
  region size 2048K, 2 young (4096K), 1 survivors (2048K)
 Metaspace       used 43840K, committed 44352K, reserved 1114112K
  class space    used 5561K, committed 5824K, reserved 1048576K
}
Event: 3.560 GC heap after
{Heap after GC invocations=19 (full 0):
 garbage-first heap   total 59392K, used 26043K [0x0000000744000000, 0x0000000800000000)
  region size 2048K, 1 young (2048K), 1 survivors (2048K)
 Metaspace       used 43840K, committed 44352K, reserved 1114112K
  class space    used 5561K, committed 5824K, reserved 1048576K
}
Event: 3.945 GC heap before
{Heap before GC invocations=19 (full 0):
 garbage-first heap   total 59392K, used 44475K [0x0000000744000000, 0x0000000800000000)
  region size 2048K, 10 young (20480K), 1 survivors (2048K)
 Metaspace       used 48485K, committed 49024K, reserved 1114112K
  class space    used 6206K, committed 6464K, reserved 1048576K
}
Event: 3.948 GC heap after
{Heap after GC invocations=20 (full 0):
 garbage-first heap   total 59392K, used 27086K [0x0000000744000000, 0x0000000800000000)
  region size 2048K, 1 young (2048K), 1 survivors (2048K)
 Metaspace       used 48485K, committed 49024K, reserved 1114112K
  class space    used 6206K, committed 6464K, reserved 1048576K
}
Event: 4.358 GC heap before
{Heap before GC invocations=20 (full 0):
 garbage-first heap   total 59392K, used 45518K [0x0000000744000000, 0x0000000800000000)
  region size 2048K, 10 young (20480K), 1 survivors (2048K)
 Metaspace       used 55293K, committed 55744K, reserved 1114112K
  class space    used 7133K, committed 7360K, reserved 1048576K
}
Event: 4.362 GC heap after
{Heap after GC invocations=21 (full 0):
 garbage-first heap   total 59392K, used 28932K [0x0000000744000000, 0x0000000800000000)
  region size 2048K, 2 young (4096K), 2 survivors (4096K)
 Metaspace       used 55293K, committed 55744K, reserved 1114112K
  class space    used 7133K, committed 7360K, reserved 1048576K
}
Event: 4.634 GC heap before
{Heap before GC invocations=21 (full 0):
 garbage-first heap   total 59392K, used 45316K [0x0000000744000000, 0x0000000800000000)
  region size 2048K, 10 young (20480K), 2 survivors (4096K)
 Metaspace       used 57717K, committed 58176K, reserved 1114112K
  class space    used 7437K, committed 7680K, reserved 1048576K
}
Event: 4.638 GC heap after
{Heap after GC invocations=22 (full 0):
 garbage-first heap   total 71680K, used 30554K [0x0000000744000000, 0x0000000800000000)
  region size 2048K, 2 young (4096K), 2 survivors (4096K)
 Metaspace       used 57717K, committed 58176K, reserved 1114112K
  class space    used 7437K, committed 7680K, reserved 1048576K
}
Event: 5.009 GC heap before
{Heap before GC invocations=22 (full 0):
 garbage-first heap   total 71680K, used 53082K [0x0000000744000000, 0x0000000800000000)
  region size 2048K, 13 young (26624K), 2 survivors (4096K)
 Metaspace       used 63691K, committed 64192K, reserved 1114112K
  class space    used 8475K, committed 8704K, reserved 1048576K
}
Event: 5.013 GC heap after
{Heap after GC invocations=23 (full 0):
 garbage-first heap   total 71680K, used 31606K [0x0000000744000000, 0x0000000800000000)
  region size 2048K, 2 young (4096K), 2 survivors (4096K)
 Metaspace       used 63691K, committed 64192K, reserved 1114112K
  class space    used 8475K, committed 8704K, reserved 1048576K
}
Event: 5.167 GC heap before
{Heap before GC invocations=23 (full 0):
 garbage-first heap   total 71680K, used 52086K [0x0000000744000000, 0x0000000800000000)
  region size 2048K, 12 young (24576K), 2 survivors (4096K)
 Metaspace       used 63905K, committed 64448K, reserved 1114112K
  class space    used 8514K, committed 8768K, reserved 1048576K
}
Event: 5.169 GC heap after
{Heap after GC invocations=24 (full 0):
 garbage-first heap   total 71680K, used 32079K [0x0000000744000000, 0x0000000800000000)
  region size 2048K, 1 young (2048K), 1 survivors (2048K)
 Metaspace       used 63905K, committed 64448K, reserved 1114112K
  class space    used 8514K, committed 8768K, reserved 1048576K
}
Event: 5.478 GC heap before
{Heap before GC invocations=24 (full 0):
 garbage-first heap   total 71680K, used 52559K [0x0000000744000000, 0x0000000800000000)
  region size 2048K, 12 young (24576K), 1 survivors (2048K)
 Metaspace       used 67605K, committed 68096K, reserved 1114112K
  class space    used 9056K, committed 9280K, reserved 1048576K
}
Event: 5.482 GC heap after
{Heap after GC invocations=25 (full 0):
 garbage-first heap   total 71680K, used 33498K [0x0000000744000000, 0x0000000800000000)
  region size 2048K, 2 young (4096K), 2 survivors (4096K)
 Metaspace       used 67605K, committed 68096K, reserved 1114112K
  class space    used 9056K, committed 9280K, reserved 1048576K
}
Event: 5.743 GC heap before
{Heap before GC invocations=26 (full 0):
 garbage-first heap   total 71680K, used 53978K [0x0000000744000000, 0x0000000800000000)
  region size 2048K, 12 young (24576K), 2 survivors (4096K)
 Metaspace       used 69719K, committed 70336K, reserved 1114112K
  class space    used 9427K, committed 9728K, reserved 1048576K
}

